\BOOKMARK [0][-]{part.1}{I Analysis and Design}{}% 1
\BOOKMARK [1][-]{section.1}{Problem Definition}{part.1}% 2
\BOOKMARK [2][-]{subsection.1.1}{Background}{section.1}% 3
\BOOKMARK [2][-]{subsection.1.2}{Broad Aims}{section.1}% 4
\BOOKMARK [2][-]{subsection.1.3}{Limitations}{section.1}% 5
\BOOKMARK [2][-]{subsection.1.4}{Assumptions}{section.1}% 6
\BOOKMARK [2][-]{subsection.1.5}{Objectives}{section.1}% 7
\BOOKMARK [2][-]{subsection.1.6}{Justification of Proposed Solution}{section.1}% 8
\BOOKMARK [2][-]{subsection.1.7}{Database Tables}{section.1}% 9
\BOOKMARK [3][-]{subsubsection.1.7.1}{Users Table}{subsection.1.7}% 10
\BOOKMARK [3][-]{subsubsection.1.7.2}{Activities Table}{subsection.1.7}% 11
\BOOKMARK [1][-]{section.2}{User Interface Design}{part.1}% 12
\BOOKMARK [2][-]{subsection.2.1}{Main Layout Template}{section.2}% 13
\BOOKMARK [2][-]{subsection.2.2}{Register Page}{section.2}% 14
\BOOKMARK [2][-]{subsection.2.3}{Login Page}{section.2}% 15
\BOOKMARK [2][-]{subsection.2.4}{Performance Page}{section.2}% 16
\BOOKMARK [2][-]{subsection.2.5}{Add Training Page}{section.2}% 17
\BOOKMARK [2][-]{subsection.2.6}{Profile Page}{section.2}% 18
\BOOKMARK [2][-]{subsection.2.7}{Charity Team Ranking Page}{section.2}% 19
\BOOKMARK [2][-]{subsection.2.8}{Page Relationships}{section.2}% 20
\BOOKMARK [1][-]{section.3}{Hardware and Software Requirements}{part.1}% 21
\BOOKMARK [2][-]{subsection.3.1}{Hardware}{section.3}% 22
\BOOKMARK [2][-]{subsection.3.2}{Software}{section.3}% 23
\BOOKMARK [1][-]{section.4}{Processing Stages}{part.1}% 24
\BOOKMARK [2][-]{subsection.4.1}{Global Processes}{section.4}% 25
\BOOKMARK [3][-]{subsubsection.4.1.1}{Routing}{subsection.4.1}% 26
<<<<<<< HEAD
\BOOKMARK [2][-]{subsection.4.2}{AJAX Calls}{section.4}% 27
\BOOKMARK [1][-]{section.5}{Evaluation Criteria}{part.1}% 28
\BOOKMARK [0][-]{part.2}{II Program Documentation}{}% 29
\BOOKMARK [1][-]{section.6}{User Interface}{part.2}% 30
\BOOKMARK [2][-]{subsection.6.1}{Main Layout}{section.6}% 31
\BOOKMARK [2][-]{subsection.6.2}{Register Page}{section.6}% 32
\BOOKMARK [2][-]{subsection.6.3}{Login Page}{section.6}% 33
\BOOKMARK [2][-]{subsection.6.4}{Profile Page}{section.6}% 34
\BOOKMARK [3][-]{subsubsection.6.4.1}{Main View}{subsection.6.4}% 35
\BOOKMARK [3][-]{subsubsection.6.4.2}{Change Details}{subsection.6.4}% 36
\BOOKMARK [3][-]{subsubsection.6.4.3}{Delete Account}{subsection.6.4}% 37
\BOOKMARK [2][-]{subsection.6.5}{User Performance Page}{section.6}% 38
\BOOKMARK [2][-]{subsection.6.6}{Add Activity Page}{section.6}% 39
\BOOKMARK [2][-]{subsection.6.7}{Rankings Page}{section.6}% 40
\BOOKMARK [1][-]{section.7}{Database Models}{part.2}% 41
\BOOKMARK [2][-]{subsection.7.1}{Table Relationships}{section.7}% 42
\BOOKMARK [2][-]{subsection.7.2}{Table Schemas}{section.7}% 43
\BOOKMARK [3][-]{subsubsection.7.2.1}{Users Table}{subsection.7.2}% 44
\BOOKMARK [3][-]{subsubsection.7.2.2}{Activities Table}{subsection.7.2}% 45
\BOOKMARK [2][-]{subsection.7.3}{Data Views}{section.7}% 46
\BOOKMARK [3][-]{subsubsection.7.3.1}{Users Table}{subsection.7.3}% 47
\BOOKMARK [3][-]{subsubsection.7.3.2}{Activities Table}{subsection.7.3}% 48
\BOOKMARK [1][-]{section.8}{Variables}{part.2}% 49
\BOOKMARK [2][-]{subsection.8.1}{Global Variables}{section.8}% 50
\BOOKMARK [2][-]{subsection.8.2}{Local Variables}{section.8}% 51
\BOOKMARK [1][-]{section.9}{Annotated Listings}{part.2}% 52
\BOOKMARK [2][-]{subsection.9.1}{HTML Views}{section.9}% 53
\BOOKMARK [3][-]{subsubsection.9.1.1}{layout.html}{subsection.9.1}% 54
\BOOKMARK [3][-]{subsubsection.9.1.2}{register.html}{subsection.9.1}% 55
\BOOKMARK [3][-]{subsubsection.9.1.3}{login.html}{subsection.9.1}% 56
\BOOKMARK [3][-]{subsubsection.9.1.4}{user\137performance.html}{subsection.9.1}% 57
\BOOKMARK [3][-]{subsubsection.9.1.5}{own\137profile.html}{subsection.9.1}% 58
\BOOKMARK [3][-]{subsubsection.9.1.6}{add\137training.html}{subsection.9.1}% 59
\BOOKMARK [3][-]{subsubsection.9.1.7}{compare\137performance.html}{subsection.9.1}% 60
\BOOKMARK [3][-]{subsubsection.9.1.8}{rankings.html}{subsection.9.1}% 61
\BOOKMARK [3][-]{subsubsection.9.1.9}{running\137block.html}{subsection.9.1}% 62
\BOOKMARK [3][-]{subsubsection.9.1.10}{cycling\137block.html}{subsection.9.1}% 63
\BOOKMARK [3][-]{subsubsection.9.1.11}{swimming\137block.html}{subsection.9.1}% 64
\BOOKMARK [2][-]{subsection.9.2}{JavaScript Functions}{section.9}% 65
\BOOKMARK [3][-]{subsubsection.9.2.1}{main.js}{subsection.9.2}% 66
\BOOKMARK [3][-]{subsubsection.9.2.2}{individual\137charts.js}{subsection.9.2}% 67
\BOOKMARK [2][-]{subsection.9.3}{CSS Styling}{section.9}% 68
\BOOKMARK [2][-]{subsection.9.4}{Python Processes}{section.9}% 69
\BOOKMARK [3][-]{subsubsection.9.4.1}{\137\137init\137\137.py}{subsection.9.4}% 70
\BOOKMARK [3][-]{subsubsection.9.4.2}{forms.py}{subsection.9.4}% 71
\BOOKMARK [3][-]{subsubsection.9.4.3}{models.py}{subsection.9.4}% 72
\BOOKMARK [3][-]{subsubsection.9.4.4}{helpers.py}{subsection.9.4}% 73
\BOOKMARK [3][-]{subsubsection.9.4.5}{performance\137data.py}{subsection.9.4}% 74
\BOOKMARK [3][-]{subsubsection.9.4.6}{auth.py}{subsection.9.4}% 75
\BOOKMARK [3][-]{subsubsection.9.4.7}{ajax.py}{subsection.9.4}% 76
\BOOKMARK [3][-]{subsubsection.9.4.8}{main.py}{subsection.9.4}% 77
\BOOKMARK [0][-]{part.3}{III Testing and Evaluation}{}% 78
\BOOKMARK [1][-]{section*.2}{Unnumbered Section}{part.3}% 79
=======
\BOOKMARK [3][-]{subsubsection.4.1.2}{AJAX Calls}{subsection.4.1}% 27
\BOOKMARK [1][-]{section.5}{Evaluation Criteria}{part.1}% 28
\BOOKMARK [2][-]{subsection.5.1}{Measurable Criterion}{section.5}% 29
\BOOKMARK [0][-]{part.2}{II Program Documentation}{}% 30
\BOOKMARK [1][-]{section.6}{User Interface}{part.2}% 31
\BOOKMARK [2][-]{subsection.6.1}{Main Layout}{section.6}% 32
\BOOKMARK [2][-]{subsection.6.2}{Register Page}{section.6}% 33
\BOOKMARK [2][-]{subsection.6.3}{Login Page}{section.6}% 34
\BOOKMARK [2][-]{subsection.6.4}{Profile Page}{section.6}% 35
\BOOKMARK [3][-]{subsubsection.6.4.1}{Main View}{subsection.6.4}% 36
\BOOKMARK [3][-]{subsubsection.6.4.2}{Change Details}{subsection.6.4}% 37
\BOOKMARK [3][-]{subsubsection.6.4.3}{Delete Account}{subsection.6.4}% 38
\BOOKMARK [2][-]{subsection.6.5}{User Performance Page}{section.6}% 39
\BOOKMARK [2][-]{subsection.6.6}{Add Activity Page}{section.6}% 40
\BOOKMARK [2][-]{subsection.6.7}{Rankings Page}{section.6}% 41
\BOOKMARK [1][-]{section.7}{Database Models}{part.2}% 42
\BOOKMARK [2][-]{subsection.7.1}{Table Relationships}{section.7}% 43
\BOOKMARK [2][-]{subsection.7.2}{Table Schemas}{section.7}% 44
\BOOKMARK [3][-]{subsubsection.7.2.1}{Users Table}{subsection.7.2}% 45
\BOOKMARK [3][-]{subsubsection.7.2.2}{Activities Table}{subsection.7.2}% 46
\BOOKMARK [2][-]{subsection.7.3}{Data Views}{section.7}% 47
\BOOKMARK [3][-]{subsubsection.7.3.1}{Users Table}{subsection.7.3}% 48
\BOOKMARK [3][-]{subsubsection.7.3.2}{Activities Table}{subsection.7.3}% 49
\BOOKMARK [1][-]{section.8}{Variables}{part.2}% 50
\BOOKMARK [2][-]{subsection.8.1}{Global Variables}{section.8}% 51
\BOOKMARK [2][-]{subsection.8.2}{Local Variables}{section.8}% 52
\BOOKMARK [1][-]{section.9}{Annotated Listings}{part.2}% 53
\BOOKMARK [2][-]{subsection.9.1}{HTML Views}{section.9}% 54
\BOOKMARK [3][-]{subsubsection.9.1.1}{layout.html}{subsection.9.1}% 55
\BOOKMARK [3][-]{subsubsection.9.1.2}{register.html}{subsection.9.1}% 56
\BOOKMARK [3][-]{subsubsection.9.1.3}{login.html}{subsection.9.1}% 57
\BOOKMARK [3][-]{subsubsection.9.1.4}{user\137performance.html}{subsection.9.1}% 58
\BOOKMARK [3][-]{subsubsection.9.1.5}{own\137profile.html}{subsection.9.1}% 59
\BOOKMARK [3][-]{subsubsection.9.1.6}{add\137training.html}{subsection.9.1}% 60
\BOOKMARK [3][-]{subsubsection.9.1.7}{compare\137performance.html}{subsection.9.1}% 61
\BOOKMARK [3][-]{subsubsection.9.1.8}{rankings.html}{subsection.9.1}% 62
\BOOKMARK [3][-]{subsubsection.9.1.9}{running\137block.html}{subsection.9.1}% 63
\BOOKMARK [3][-]{subsubsection.9.1.10}{cycling\137block.html}{subsection.9.1}% 64
\BOOKMARK [3][-]{subsubsection.9.1.11}{swimming\137block.html}{subsection.9.1}% 65
\BOOKMARK [2][-]{subsection.9.2}{JavaScript Functions}{section.9}% 66
\BOOKMARK [3][-]{subsubsection.9.2.1}{main.js}{subsection.9.2}% 67
\BOOKMARK [3][-]{subsubsection.9.2.2}{individual\137charts.js}{subsection.9.2}% 68
\BOOKMARK [2][-]{subsection.9.3}{CSS Styling}{section.9}% 69
\BOOKMARK [2][-]{subsection.9.4}{Python Processes}{section.9}% 70
\BOOKMARK [3][-]{subsubsection.9.4.1}{\137\137init\137\137.py}{subsection.9.4}% 71
\BOOKMARK [3][-]{subsubsection.9.4.2}{forms.py}{subsection.9.4}% 72
\BOOKMARK [3][-]{subsubsection.9.4.3}{models.py}{subsection.9.4}% 73
\BOOKMARK [3][-]{subsubsection.9.4.4}{helpers.py}{subsection.9.4}% 74
\BOOKMARK [3][-]{subsubsection.9.4.5}{performance\137data.py}{subsection.9.4}% 75
\BOOKMARK [3][-]{subsubsection.9.4.6}{auth.py}{subsection.9.4}% 76
\BOOKMARK [3][-]{subsubsection.9.4.7}{ajax.py}{subsection.9.4}% 77
\BOOKMARK [3][-]{subsubsection.9.4.8}{main.py}{subsection.9.4}% 78
\BOOKMARK [0][-]{part.3}{III Testing and Evaluation}{}% 79
\BOOKMARK [1][-]{subsection.9.5}{Testing}{part.3}% 80
\BOOKMARK [2][-]{subsubsection.9.5.1}{Registration Page Validation}{subsection.9.5}% 81
\BOOKMARK [3][-]{subsubsection.9.5.2}{Login Page Validation}{subsubsection.9.5.1}% 82
\BOOKMARK [3][-]{subsubsection.9.5.3}{Registering User to Database}{subsubsection.9.5.1}% 83
\BOOKMARK [3][-]{subsubsection.9.5.4}{Adding Training Session to Database}{subsubsection.9.5.1}% 84
\BOOKMARK [1][-]{subsubsection.9.5.4}{Unnumbered Section}{part.3}% 85
>>>>>>> 1f5a453222226f9690d25d4a0e8efea38f0c8a9a
